<?xml version="1.0" encoding="UTF-8"?>
<testsuite xmlns:xsi="http://www.w3.org/2001/XMLSchema-instance" xsi:noNamespaceSchemaLocation="https://maven.apache.org/surefire/maven-surefire-plugin/xsd/surefire-test-report.xsd" name="it.unipi.dsmt.AppTest" time="0.047" tests="1" errors="0" skipped="0" failures="0">
  <properties>
    <property name="java.specification.version" value="15"/>
    <property name="sun.jnu.encoding" value="UTF-8"/>
    <property name="java.class.path" value="/home/clarissapolidori/Documents/GitHub/DSMT_Project/ejb-client/target/test-classes:/home/clarissapolidori/Documents/GitHub/DSMT_Project/ejb-client/target/classes:/home/clarissapolidori/.m2/repository/junit/junit/4.11/junit-4.11.jar:/home/clarissapolidori/.m2/repository/org/hamcrest/hamcrest-core/1.3/hamcrest-core-1.3.jar:/home/clarissapolidori/.m2/repository/javax/ejb/javax.ejb-api/3.2.2/javax.ejb-api-3.2.2.jar:/home/clarissapolidori/.m2/repository/javax/transaction/javax.transaction-api/1.3/javax.transaction-api-1.3.jar:/home/clarissapolidori/.m2/repository/org/glassfish/main/appclient/gf-client/5.0/gf-client-5.0.jar:/home/clarissapolidori/.m2/repository/org/glassfish/main/appclient/gf-client-module/5.0/gf-client-module-5.0.jar:/home/clarissapolidori/.m2/repository/org/glassfish/hk2/hk2-core/2.5.0-b44/hk2-core-2.5.0-b44.jar:/home/clarissapolidori/.m2/repository/org/glassfish/hk2/hk2-locator/2.5.0-b44/hk2-locator-2.5.0-b44.jar:/home/clarissapolidori/.m2/repository/org/glassfish/hk2/external/javax.inject/2.5.0-b44/javax.inject-2.5.0-b44.jar:/home/clarissapolidori/.m2/repository/org/glassfish/hk2/external/aopalliance-repackaged/2.5.0-b44/aopalliance-repackaged-2.5.0-b44.jar:/home/clarissapolidori/.m2/repository/org/glassfish/hk2/hk2-api/2.5.0-b44/hk2-api-2.5.0-b44.jar:/home/clarissapolidori/.m2/repository/org/glassfish/hk2/hk2-utils/2.5.0-b44/hk2-utils-2.5.0-b44.jar:/home/clarissapolidori/.m2/repository/org/glassfish/main/common/common-util/5.0/common-util-5.0.jar:/home/clarissapolidori/.m2/repository/org/glassfish/main/ejb/ejb-full-container/5.0/ejb-full-container-5.0.jar:/home/clarissapolidori/.m2/repository/org/glassfish/main/ejb/ejb-container/5.0/ejb-container-5.0.jar:/home/clarissapolidori/.m2/repository/org/glassfish/main/ejb/ejb-client/5.0/ejb-client-5.0.jar:/home/clarissapolidori/.m2/repository/org/glassfish/main/common/stats77/5.0/stats77-5.0.jar:/home/clarissapolidori/.m2/repository/org/glassfish/external/asm-all/6.0_ALPHA/asm-all-6.0_ALPHA.jar:/home/clarissapolidori/.m2/repository/org/glassfish/main/common/container-common/5.0/container-common-5.0.jar:/home/clarissapolidori/.m2/repository/javax/servlet/javax.servlet-api/4.0.0/javax.servlet-api-4.0.0.jar:/home/clarissapolidori/.m2/repository/org/glassfish/main/common/internal-api/5.0/internal-api-5.0.jar:/home/clarissapolidori/.m2/repository/org/glassfish/main/admin/config-api/5.0/config-api-5.0.jar:/home/clarissapolidori/.m2/repository/org/glassfish/main/admin/admin-util/5.0/admin-util-5.0.jar:/home/clarissapolidori/.m2/repository/org/glassfish/main/security/security-services/5.0/security-services-5.0.jar:/home/clarissapolidori/.m2/repository/com/fasterxml/jackson/core/jackson-annotations/2.8.9/jackson-annotations-2.8.9.jar:/home/clarissapolidori/.m2/repository/com/fasterxml/jackson/core/jackson-databind/2.8.9/jackson-databind-2.8.9.jar:/home/clarissapolidori/.m2/repository/com/fasterxml/jackson/core/jackson-core/2.8.9/jackson-core-2.8.9.jar:/home/clarissapolidori/.m2/repository/com/fasterxml/jackson/module/jackson-module-jaxb-annotations/2.8.9/jackson-module-jaxb-annotations-2.8.9.jar:/home/clarissapolidori/.m2/repository/com/sun/mail/javax.mail/1.6.0/javax.mail-1.6.0.jar:/home/clarissapolidori/.m2/repository/javax/activation/activation/1.1/activation-1.1.jar:/home/clarissapolidori/.m2/repository/org/glassfish/main/security/security/5.0/security-5.0.jar:/home/clarissapolidori/.m2/repository/org/glassfish/main/security/ssl-impl/5.0/ssl-impl-5.0.jar:/home/clarissapolidori/.m2/repository/org/glassfish/main/external/ldapbp-repackaged/5.0/ldapbp-repackaged-5.0.jar:/home/clarissapolidori/.m2/repository/org/glassfish/main/connectors/connectors-internal-api/5.0/connectors-internal-api-5.0.jar:/home/clarissapolidori/.m2/repository/org/glassfish/ha/ha-api/3.1.8/ha-api-3.1.8.jar:/home/clarissapolidori/.m2/repository/org/glassfish/main/deployment/dol/5.0/dol-5.0.jar:/home/clarissapolidori/.m2/repository/javax/enterprise/deploy/javax.enterprise.deploy-api/1.6/javax.enterprise.deploy-api-1.6.jar:/home/clarissapolidori/.m2/repository/org/eclipse/persistence/javax.persistence/2.2.0/javax.persistence-2.2.0.jar:/home/clarissapolidori/.m2/repository/javax/resource/javax.resource-api/1.7/javax.resource-api-1.7.jar:/home/clarissapolidori/.m2/repository/org/glassfish/main/deployment/deployment-common/5.0/deployment-common-5.0.jar:/home/clarissapolidori/.m2/repository/org/glassfish/main/common/annotation-framework/5.0/annotation-framework-5.0.jar:/home/clarissapolidori/.m2/repository/org/glassfish/main/resourcebase/resources/nucleus-resources/5.0/nucleus-resources-5.0.jar:/home/clarissapolidori/.m2/repository/org/glassfish/main/security/appclient.security/5.0/appclient.security-5.0.jar:/home/clarissapolidori/.m2/repository/org/glassfish/main/security/security-ee/5.0/security-ee-5.0.jar:/home/clarissapolidori/.m2/repository/org/glassfish/main/common/glassfish-ee-api/5.0/glassfish-ee-api-5.0.jar:/home/clarissapolidori/.m2/repository/javax/security/jacc/javax.security.jacc-api/1.5/javax.security.jacc-api-1.5.jar:/home/clarissapolidori/.m2/repository/org/glassfish/main/security/jaspic.provider.framework/5.0/jaspic.provider.framework-5.0.jar:/home/clarissapolidori/.m2/repository/org/glassfish/external/libpam4j/1.9/libpam4j-1.9.jar:/home/clarissapolidori/.m2/repository/net/java/dev/jna/jna/4.4.0/jna-4.4.0.jar:/home/clarissapolidori/.m2/repository/org/glassfish/main/security/ejb.security/5.0/ejb.security-5.0.jar:/home/clarissapolidori/.m2/repository/org/glassfish/main/common/glassfish-api/5.0/glassfish-api-5.0.jar:/home/clarissapolidori/.m2/repository/org/glassfish/main/common/scattered-archive-api/5.0/scattered-archive-api-5.0.jar:/home/clarissapolidori/.m2/repository/org/glassfish/hk2/hk2/2.5.0-b44/hk2-2.5.0-b44.jar:/home/clarissapolidori/.m2/repository/org/glassfish/hk2/config-types/2.5.0-b44/config-types-2.5.0-b44.jar:/home/clarissapolidori/.m2/repository/org/glassfish/hk2/hk2-config/2.5.0-b44/hk2-config-2.5.0-b44.jar:/home/clarissapolidori/.m2/repository/org/jvnet/tiger-types/1.4/tiger-types-1.4.jar:/home/clarissapolidori/.m2/repository/org/hibernate/hibernate-validator/5.2.4.Final/hibernate-validator-5.2.4.Final.jar:/home/clarissapolidori/.m2/repository/org/glassfish/hk2/hk2-runlevel/2.5.0-b44/hk2-runlevel-2.5.0-b44.jar:/home/clarissapolidori/.m2/repository/org/glassfish/hk2/class-model/2.5.0-b44/class-model-2.5.0-b44.jar:/home/clarissapolidori/.m2/repository/org/glassfish/hk2/external/asm-all-repackaged/2.5.0-b44/asm-all-repackaged-2.5.0-b44.jar:/home/clarissapolidori/.m2/repository/org/glassfish/main/grizzly/nucleus-grizzly-all/5.0/nucleus-grizzly-all-5.0.jar:/home/clarissapolidori/.m2/repository/org/glassfish/grizzly/grizzly-portunif/2.4.1/grizzly-portunif-2.4.1.jar:/home/clarissapolidori/.m2/repository/org/glassfish/grizzly/grizzly-http/2.4.1/grizzly-http-2.4.1.jar:/home/clarissapolidori/.m2/repository/org/glassfish/grizzly/grizzly-http2/2.4.1/grizzly-http2-2.4.1.jar:/home/clarissapolidori/.m2/repository/org/glassfish/grizzly/grizzly-http-server/2.4.1/grizzly-http-server-2.4.1.jar:/home/clarissapolidori/.m2/repository/org/glassfish/main/grizzly/grizzly-config/5.0/grizzly-config-5.0.jar:/home/clarissapolidori/.m2/repository/org/glassfish/external/management-api/3.2.1-b002/management-api-3.2.1-b002.jar:/home/clarissapolidori/.m2/repository/org/glassfish/main/security/webservices.security/5.0/webservices.security-5.0.jar:/home/clarissapolidori/.m2/repository/org/glassfish/main/core/kernel/5.0/kernel-5.0.jar:/home/clarissapolidori/.m2/repository/org/glassfish/main/flashlight/flashlight-framework/5.0/flashlight-framework-5.0.jar:/home/clarissapolidori/.m2/repository/org/glassfish/main/core/logging/5.0/logging-5.0.jar:/home/clarissapolidori/.m2/repository/org/glassfish/main/core/api-exporter/5.0/api-exporter-5.0.jar:/home/clarissapolidori/.m2/repository/org/glassfish/main/web/web-glue/5.0/web-glue-5.0.jar:/home/clarissapolidori/.m2/repository/org/glassfish/main/web/web-cli/5.0/web-cli-5.0.jar:/home/clarissapolidori/.m2/repository/org/glassfish/main/common/amx-javaee/5.0/amx-javaee-5.0.jar:/home/clarissapolidori/.m2/repository/javax/management/j2ee/javax.management.j2ee-api/1.1.1/javax.management.j2ee-api-1.1.1.jar:/home/clarissapolidori/.m2/repository/org/glassfish/main/common/amx-core/5.0/amx-core-5.0.jar:/home/clarissapolidori/.m2/repository/org/glassfish/main/web/war-util/5.0/war-util-5.0.jar:/home/clarissapolidori/.m2/repository/javax/servlet/jsp/javax.servlet.jsp-api/2.3.2-b01/javax.servlet.jsp-api-2.3.2-b01.jar:/home/clarissapolidori/.m2/repository/org/glassfish/main/web/web-naming/5.0/web-naming-5.0.jar:/home/clarissapolidori/.m2/repository/org/glassfish/main/web/web-core/5.0/web-core-5.0.jar:/home/clarissapolidori/.m2/repository/org/glassfish/web/javax.servlet.jsp/2.3.3-b02/javax.servlet.jsp-2.3.3-b02.jar:/home/clarissapolidori/.m2/repository/org/glassfish/javax.el/3.0.1-b08/javax.el-3.0.1-b08.jar:/home/clarissapolidori/.m2/repository/org/glassfish/main/admin/admin-core/5.0/admin-core-5.0.jar:/home/clarissapolidori/.m2/repository/org/glassfish/main/web/web-gui-plugin-common/5.0/web-gui-plugin-common-5.0.jar:/home/clarissapolidori/.m2/repository/org/glassfish/main/web/web-embed-api/5.0/web-embed-api-5.0.jar:/home/clarissapolidori/.m2/repository/org/glassfish/main/web/gf-web-connector/5.0/gf-web-connector-5.0.jar:/home/clarissapolidori/.m2/repository/org/glassfish/main/web/web-sse/5.0/web-sse-5.0.jar:/home/clarissapolidori/.m2/repository/org/glassfish/metro/webservices-osgi/2.4.0/webservices-osgi-2.4.0.jar:/home/clarissapolidori/.m2/repository/javax/xml/rpc/javax.xml.rpc-api/1.1/javax.xml.rpc-api-1.1.jar:/home/clarissapolidori/.m2/repository/org/glassfish/metro/webservices-extra-jdk-packages/2.4.0/webservices-extra-jdk-packages-2.4.0.jar:/home/clarissapolidori/.m2/repository/org/codehaus/woodstox/woodstox-core-asl/4.4.1/woodstox-core-asl-4.4.1.jar:/home/clarissapolidori/.m2/repository/org/codehaus/woodstox/stax2-api/3.1.4/stax2-api-3.1.4.jar:/home/clarissapolidori/.m2/repository/org/jvnet/mimepull/mimepull/1.9.7/mimepull-1.9.7.jar:/home/clarissapolidori/.m2/repository/org/apache/santuario/xmlsec/1.5.8/xmlsec-1.5.8.jar:/home/clarissapolidori/.m2/repository/commons-logging/commons-logging/1.1.2/commons-logging-1.1.2.jar:/home/clarissapolidori/.m2/repository/org/glassfish/main/security/websecurity/5.0/websecurity-5.0.jar:/home/clarissapolidori/.m2/repository/org/glassfish/main/webservices/jsr109-impl/5.0/jsr109-impl-5.0.jar:/home/clarissapolidori/.m2/repository/org/glassfish/grizzly/grizzly-http-servlet/2.4.1/grizzly-http-servlet-2.4.1.jar:/home/clarissapolidori/.m2/repository/org/glassfish/main/common/glassfish-naming/5.0/glassfish-naming-5.0.jar:/home/clarissapolidori/.m2/repository/org/glassfish/main/connectors/work-management/5.0/work-management-5.0.jar:/home/clarissapolidori/.m2/repository/org/glassfish/main/transaction/transaction-internal-api/5.0/transaction-internal-api-5.0.jar:/home/clarissapolidori/.m2/repository/org/glassfish/gmbal/gmbal/4.0.0-b001/gmbal-4.0.0-b001.jar:/home/clarissapolidori/.m2/repository/org/glassfish/pfl/pfl-basic-tools/4.0.0-b003/pfl-basic-tools-4.0.0-b003.jar:/home/clarissapolidori/.m2/repository/org/glassfish/pfl/pfl-tf-tools/4.0.0-b003/pfl-tf-tools-4.0.0-b003.jar:/home/clarissapolidori/.m2/repository/javax/security/auth/message/javax.security.auth.message-api/1.1/javax.security.auth.message-api-1.1.jar:/home/clarissapolidori/.m2/repository/org/glassfish/main/connectors/connectors-inbound-runtime/5.0/connectors-inbound-runtime-5.0.jar:/home/clarissapolidori/.m2/repository/org/glassfish/main/connectors/connectors-runtime/5.0/connectors-runtime-5.0.jar:/home/clarissapolidori/.m2/repository/org/glassfish/main/connectors/gf-connectors-connector/5.0/gf-connectors-connector-5.0.jar:/home/clarissapolidori/.m2/repository/org/glassfish/main/ejb/ejb-internal-api/5.0/ejb-internal-api-5.0.jar:/home/clarissapolidori/.m2/repository/org/glassfish/main/orb/orb-connector/5.0/orb-connector-5.0.jar:/home/clarissapolidori/.m2/repository/org/glassfish/main/orb/orb-enabler/5.0/orb-enabler-5.0.jar:/home/clarissapolidori/.m2/repository/org/glassfish/pfl/pfl-basic/4.0.1-b001/pfl-basic-4.0.1-b001.jar:/home/clarissapolidori/.m2/repository/org/glassfish/corba/glassfish-corba-omgapi/4.1.1-b001/glassfish-corba-omgapi-4.1.1-b001.jar:/home/clarissapolidori/.m2/repository/org/glassfish/corba/glassfish-corba-internal-api/4.1.1-b001/glassfish-corba-internal-api-4.1.1-b001.jar:/home/clarissapolidori/.m2/repository/javax/el/javax.el-api/3.0.1-b04/javax.el-api-3.0.1-b04.jar:/home/clarissapolidori/.m2/repository/org/glassfish/main/admin/monitoring-core/5.0/monitoring-core-5.0.jar:/home/clarissapolidori/.m2/repository/org/glassfish/main/webservices/webservices-connector/5.0/webservices-connector-5.0.jar:/home/clarissapolidori/.m2/repository/org/glassfish/corba/glassfish-corba-orb/4.1.1-b001/glassfish-corba-orb-4.1.1-b001.jar:/home/clarissapolidori/.m2/repository/org/glassfish/corba/glassfish-corba-csiv2-idl/4.1.1-b001/glassfish-corba-csiv2-idl-4.1.1-b001.jar:/home/clarissapolidori/.m2/repository/org/glassfish/corba/exception-annotation-processor/4.1.1-b001/exception-annotation-processor-4.1.1-b001.jar:/home/clarissapolidori/.m2/repository/org/apache/felix/org.osgi.core/1.2.0/org.osgi.core-1.2.0.jar:/home/clarissapolidori/.m2/repository/org/glassfish/gmbal/gmbal-api-only/3.1.0-b001/gmbal-api-only-3.1.0-b001.jar:/home/clarissapolidori/.m2/repository/org/glassfish/pfl/pfl-dynamic/4.0.0-b008/pfl-dynamic-4.0.0-b008.jar:/home/clarissapolidori/.m2/repository/org/glassfish/pfl/pfl-asm/4.0.0-b008/pfl-asm-4.0.0-b008.jar:/home/clarissapolidori/.m2/repository/org/glassfish/pfl/pfl-tf/4.0.0-b008/pfl-tf-4.0.0-b008.jar:/home/clarissapolidori/.m2/repository/org/glassfish/grizzly/grizzly-framework/2.2.10/grizzly-framework-2.2.10.jar:/home/clarissapolidori/.m2/repository/org/glassfish/main/orb/orb-iiop/5.0/orb-iiop-5.0.jar:/home/clarissapolidori/.m2/repository/org/glassfish/main/cluster/gms-bootstrap/5.0/gms-bootstrap-5.0.jar:/home/clarissapolidori/.m2/repository/org/shoal/shoal-gms-api/1.6.51/shoal-gms-api-1.6.51.jar:/home/clarissapolidori/.m2/repository/org/glassfish/main/core/glassfish/5.0/glassfish-5.0.jar:/home/clarissapolidori/.m2/repository/org/glassfish/main/common/simple-glassfish-api/5.0/simple-glassfish-api-5.0.jar:/home/clarissapolidori/.m2/repository/org/glassfish/main/appclient/acc-config/5.0/acc-config-5.0.jar:/home/clarissapolidori/.m2/repository/org/glassfish/main/transaction/jts/5.0/jts-5.0.jar:/home/clarissapolidori/.m2/repository/org/glassfish/main/transaction/jta/5.0/jta-5.0.jar:/home/clarissapolidori/.m2/repository/org/glassfish/main/jms/jms-core/5.0/jms-core-5.0.jar:/home/clarissapolidori/.m2/repository/org/glassfish/main/jms/gf-jms-connector/5.0/gf-jms-connector-5.0.jar:/home/clarissapolidori/.m2/repository/org/glassfish/main/common/glassfish-mbeanserver/5.0/glassfish-mbeanserver-5.0.jar:/home/clarissapolidori/.m2/repository/org/glassfish/main/external/jmxremote_optional-repackaged/5.0/jmxremote_optional-repackaged-5.0.jar:/home/clarissapolidori/.m2/repository/org/glassfish/main/ejb/gf-ejb-connector/5.0/gf-ejb-connector-5.0.jar:/home/clarissapolidori/.m2/repository/javax/jms/javax.jms-api/2.0.1/javax.jms-api-2.0.1.jar:/home/clarissapolidori/.m2/repository/org/eclipse/persistence/org.eclipse.persistence.core/2.7.0/org.eclipse.persistence.core-2.7.0.jar:/home/clarissapolidori/.m2/repository/org/eclipse/persistence/org.eclipse.persistence.jpa/2.7.0/org.eclipse.persistence.jpa-2.7.0.jar:/home/clarissapolidori/.m2/repository/org/eclipse/persistence/org.eclipse.persistence.jpa.jpql/2.7.0/org.eclipse.persistence.jpa.jpql-2.7.0.jar:/home/clarissapolidori/.m2/repository/org/eclipse/persistence/org.eclipse.persistence.jpa.modelgen.processor/2.7.0/org.eclipse.persistence.jpa.modelgen.processor-2.7.0.jar:/home/clarissapolidori/.m2/repository/org/eclipse/persistence/org.eclipse.persistence.moxy/2.7.0/org.eclipse.persistence.moxy-2.7.0.jar:/home/clarissapolidori/.m2/repository/javax/validation/validation-api/1.1.0.Final/validation-api-1.1.0.Final.jar:/home/clarissapolidori/.m2/repository/org/eclipse/persistence/org.eclipse.persistence.dbws/2.7.0/org.eclipse.persistence.dbws-2.7.0.jar:/home/clarissapolidori/.m2/repository/org/eclipse/persistence/org.eclipse.persistence.oracle/2.7.0/org.eclipse.persistence.oracle-2.7.0.jar:/home/clarissapolidori/.m2/repository/org/eclipse/persistence/org.eclipse.persistence.antlr/2.7.0/org.eclipse.persistence.antlr-2.7.0.jar:/home/clarissapolidori/.m2/repository/org/eclipse/persistence/org.eclipse.persistence.asm/2.7.0/org.eclipse.persistence.asm-2.7.0.jar:/home/clarissapolidori/.m2/repository/org/glassfish/main/persistence/jpa-container/5.0/jpa-container-5.0.jar:/home/clarissapolidori/.m2/repository/org/glassfish/main/persistence/persistence-common/5.0/persistence-common-5.0.jar:/home/clarissapolidori/.m2/repository/org/glassfish/main/deployment/deployment-javaee-core/5.0/deployment-javaee-core-5.0.jar:/home/clarissapolidori/.m2/repository/org/glassfish/main/persistence/cmp/cmp-internal-api/5.0/cmp-internal-api-5.0.jar:/home/clarissapolidori/.m2/repository/javax/annotation/javax.annotation-api/1.3/javax.annotation-api-1.3.jar:/home/clarissapolidori/.m2/repository/javax/xml/bind/jaxb-api/2.3.0/jaxb-api-2.3.0.jar:/home/clarissapolidori/.m2/repository/com/sun/xml/bind/jaxb-osgi/2.3.0/jaxb-osgi-2.3.0.jar:/home/clarissapolidori/.m2/repository/com/sun/xml/bind/jaxb-extra-osgi/2.3.0/jaxb-extra-osgi-2.3.0.jar:/home/clarissapolidori/.m2/repository/org/glassfish/metro/webservices-api-osgi/2.4.0/webservices-api-osgi-2.4.0.jar:/home/clarissapolidori/.m2/repository/javax/xml/soap/javax.xml.soap-api/1.4.0/javax.xml.soap-api-1.4.0.jar:/home/clarissapolidori/.m2/repository/javax/xml/registry/javax.xml.registry-api/1.0.7/javax.xml.registry-api-1.0.7.jar:/home/clarissapolidori/.m2/repository/org/glassfish/main/appclient/server/appclient-connector/5.0/appclient-connector-5.0.jar:/home/clarissapolidori/.m2/repository/org/glassfish/main/resources/javamail-connector/5.0/javamail-connector-5.0.jar:/home/clarissapolidori/.m2/repository/org/glassfish/main/resources/resources-connector/5.0/resources-connector-5.0.jar:/home/clarissapolidori/.m2/repository/javax/mail/javax.mail-api/1.6.0/javax.mail-api-1.6.0.jar:/home/clarissapolidori/.m2/repository/org/glassfish/main/resources/javamail-runtime/5.0/javamail-runtime-5.0.jar:/home/clarissapolidori/.m2/repository/javax/interceptor/javax.interceptor-api/1.2.1/javax.interceptor-api-1.2.1.jar:/home/clarissapolidori/.m2/repository/org/glassfish/javax.json/1.1/javax.json-1.1.jar:/home/clarissapolidori/.m2/repository/org/eclipse/yasson/1.0/yasson-1.0.jar:/home/clarissapolidori/.m2/repository/javax/json/bind/javax.json.bind-api/1.0/javax.json.bind-api-1.0.jar:/home/clarissapolidori/.m2/repository/javax/json/javax.json-api/1.1/javax.json-api-1.1.jar:/home/clarissapolidori/.m2/repository/org/jboss/weld/se/weld-se-shaded/3.0.0.Final/weld-se-shaded-3.0.0.Final.jar:/home/clarissapolidori/.m2/repository/javax/enterprise/cdi-api/2.0/cdi-api-2.0.jar:/home/clarissapolidori/.m2/repository/javax/inject/javax.inject/1/javax.inject-1.jar:/home/clarissapolidori/.m2/repository/it/unipi/dsmt/ejb-interfaces/1.0-SNAPSHOT/ejb-interfaces-1.0-SNAPSHOT.jar:/home/clarissapolidori/.m2/repository/it/unipi/dsmt/ejb-impl/1.0-SNAPSHOT/ejb-impl-1.0-SNAPSHOT.jar:/home/clarissapolidori/.m2/repository/org/hibernate/hibernate-core/5.4.0.Final/hibernate-core-5.4.0.Final.jar:/home/clarissapolidori/.m2/repository/org/jboss/logging/jboss-logging/3.3.2.Final/jboss-logging-3.3.2.Final.jar:/home/clarissapolidori/.m2/repository/javax/persistence/javax.persistence-api/2.2/javax.persistence-api-2.2.jar:/home/clarissapolidori/.m2/repository/org/javassist/javassist/3.24.0-GA/javassist-3.24.0-GA.jar:/home/clarissapolidori/.m2/repository/net/bytebuddy/byte-buddy/1.9.5/byte-buddy-1.9.5.jar:/home/clarissapolidori/.m2/repository/antlr/antlr/2.7.7/antlr-2.7.7.jar:/home/clarissapolidori/.m2/repository/org/jboss/spec/javax/transaction/jboss-transaction-api_1.2_spec/1.1.1.Final/jboss-transaction-api_1.2_spec-1.1.1.Final.jar:/home/clarissapolidori/.m2/repository/org/jboss/jandex/2.0.5.Final/jandex-2.0.5.Final.jar:/home/clarissapolidori/.m2/repository/com/fasterxml/classmate/1.3.4/classmate-1.3.4.jar:/home/clarissapolidori/.m2/repository/javax/activation/javax.activation-api/1.2.0/javax.activation-api-1.2.0.jar:/home/clarissapolidori/.m2/repository/org/dom4j/dom4j/2.1.1/dom4j-2.1.1.jar:/home/clarissapolidori/.m2/repository/org/hibernate/common/hibernate-commons-annotations/5.1.0.Final/hibernate-commons-annotations-5.1.0.Final.jar:/home/clarissapolidori/.m2/repository/org/glassfish/jaxb/jaxb-runtime/2.3.1/jaxb-runtime-2.3.1.jar:/home/clarissapolidori/.m2/repository/org/glassfish/jaxb/txw2/2.3.1/txw2-2.3.1.jar:/home/clarissapolidori/.m2/repository/com/sun/istack/istack-commons-runtime/3.0.7/istack-commons-runtime-3.0.7.jar:/home/clarissapolidori/.m2/repository/org/jvnet/staxex/stax-ex/1.8/stax-ex-1.8.jar:/home/clarissapolidori/.m2/repository/com/sun/xml/fastinfoset/FastInfoset/1.2.15/FastInfoset-1.2.15.jar:"/>
    <property name="java.vm.vendor" value="Azul Systems, Inc."/>
    <property name="sun.arch.data.model" value="64"/>
    <property name="java.vendor.url" value="http://www.azul.com/"/>
    <property name="os.name" value="Linux"/>
    <property name="java.vm.specification.version" value="15"/>
    <property name="sun.java.launcher" value="SUN_STANDARD"/>
    <property name="user.country" value="US"/>
    <property name="sun.boot.library.path" value="/home/clarissapolidori/.jdks/azul-15.0.6/lib"/>
    <property name="sun.java.command" value="/home/clarissapolidori/Documents/GitHub/DSMT_Project/ejb-client/target/surefire/surefirebooter17392472697925780785.jar /home/clarissapolidori/Documents/GitHub/DSMT_Project/ejb-client/target/surefire 2022-01-21T12-18-54_851-jvmRun1 surefire10027835728586655365tmp surefire_04911338160403206403tmp"/>
    <property name="jdk.debug" value="release"/>
    <property name="surefire.test.class.path" value="/home/clarissapolidori/Documents/GitHub/DSMT_Project/ejb-client/target/test-classes:/home/clarissapolidori/Documents/GitHub/DSMT_Project/ejb-client/target/classes:/home/clarissapolidori/.m2/repository/junit/junit/4.11/junit-4.11.jar:/home/clarissapolidori/.m2/repository/org/hamcrest/hamcrest-core/1.3/hamcrest-core-1.3.jar:/home/clarissapolidori/.m2/repository/javax/ejb/javax.ejb-api/3.2.2/javax.ejb-api-3.2.2.jar:/home/clarissapolidori/.m2/repository/javax/transaction/javax.transaction-api/1.3/javax.transaction-api-1.3.jar:/home/clarissapolidori/.m2/repository/org/glassfish/main/appclient/gf-client/5.0/gf-client-5.0.jar:/home/clarissapolidori/.m2/repository/org/glassfish/main/appclient/gf-client-module/5.0/gf-client-module-5.0.jar:/home/clarissapolidori/.m2/repository/org/glassfish/hk2/hk2-core/2.5.0-b44/hk2-core-2.5.0-b44.jar:/home/clarissapolidori/.m2/repository/org/glassfish/hk2/hk2-locator/2.5.0-b44/hk2-locator-2.5.0-b44.jar:/home/clarissapolidori/.m2/repository/org/glassfish/hk2/external/javax.inject/2.5.0-b44/javax.inject-2.5.0-b44.jar:/home/clarissapolidori/.m2/repository/org/glassfish/hk2/external/aopalliance-repackaged/2.5.0-b44/aopalliance-repackaged-2.5.0-b44.jar:/home/clarissapolidori/.m2/repository/org/glassfish/hk2/hk2-api/2.5.0-b44/hk2-api-2.5.0-b44.jar:/home/clarissapolidori/.m2/repository/org/glassfish/hk2/hk2-utils/2.5.0-b44/hk2-utils-2.5.0-b44.jar:/home/clarissapolidori/.m2/repository/org/glassfish/main/common/common-util/5.0/common-util-5.0.jar:/home/clarissapolidori/.m2/repository/org/glassfish/main/ejb/ejb-full-container/5.0/ejb-full-container-5.0.jar:/home/clarissapolidori/.m2/repository/org/glassfish/main/ejb/ejb-container/5.0/ejb-container-5.0.jar:/home/clarissapolidori/.m2/repository/org/glassfish/main/ejb/ejb-client/5.0/ejb-client-5.0.jar:/home/clarissapolidori/.m2/repository/org/glassfish/main/common/stats77/5.0/stats77-5.0.jar:/home/clarissapolidori/.m2/repository/org/glassfish/external/asm-all/6.0_ALPHA/asm-all-6.0_ALPHA.jar:/home/clarissapolidori/.m2/repository/org/glassfish/main/common/container-common/5.0/container-common-5.0.jar:/home/clarissapolidori/.m2/repository/javax/servlet/javax.servlet-api/4.0.0/javax.servlet-api-4.0.0.jar:/home/clarissapolidori/.m2/repository/org/glassfish/main/common/internal-api/5.0/internal-api-5.0.jar:/home/clarissapolidori/.m2/repository/org/glassfish/main/admin/config-api/5.0/config-api-5.0.jar:/home/clarissapolidori/.m2/repository/org/glassfish/main/admin/admin-util/5.0/admin-util-5.0.jar:/home/clarissapolidori/.m2/repository/org/glassfish/main/security/security-services/5.0/security-services-5.0.jar:/home/clarissapolidori/.m2/repository/com/fasterxml/jackson/core/jackson-annotations/2.8.9/jackson-annotations-2.8.9.jar:/home/clarissapolidori/.m2/repository/com/fasterxml/jackson/core/jackson-databind/2.8.9/jackson-databind-2.8.9.jar:/home/clarissapolidori/.m2/repository/com/fasterxml/jackson/core/jackson-core/2.8.9/jackson-core-2.8.9.jar:/home/clarissapolidori/.m2/repository/com/fasterxml/jackson/module/jackson-module-jaxb-annotations/2.8.9/jackson-module-jaxb-annotations-2.8.9.jar:/home/clarissapolidori/.m2/repository/com/sun/mail/javax.mail/1.6.0/javax.mail-1.6.0.jar:/home/clarissapolidori/.m2/repository/javax/activation/activation/1.1/activation-1.1.jar:/home/clarissapolidori/.m2/repository/org/glassfish/main/security/security/5.0/security-5.0.jar:/home/clarissapolidori/.m2/repository/org/glassfish/main/security/ssl-impl/5.0/ssl-impl-5.0.jar:/home/clarissapolidori/.m2/repository/org/glassfish/main/external/ldapbp-repackaged/5.0/ldapbp-repackaged-5.0.jar:/home/clarissapolidori/.m2/repository/org/glassfish/main/connectors/connectors-internal-api/5.0/connectors-internal-api-5.0.jar:/home/clarissapolidori/.m2/repository/org/glassfish/ha/ha-api/3.1.8/ha-api-3.1.8.jar:/home/clarissapolidori/.m2/repository/org/glassfish/main/deployment/dol/5.0/dol-5.0.jar:/home/clarissapolidori/.m2/repository/javax/enterprise/deploy/javax.enterprise.deploy-api/1.6/javax.enterprise.deploy-api-1.6.jar:/home/clarissapolidori/.m2/repository/org/eclipse/persistence/javax.persistence/2.2.0/javax.persistence-2.2.0.jar:/home/clarissapolidori/.m2/repository/javax/resource/javax.resource-api/1.7/javax.resource-api-1.7.jar:/home/clarissapolidori/.m2/repository/org/glassfish/main/deployment/deployment-common/5.0/deployment-common-5.0.jar:/home/clarissapolidori/.m2/repository/org/glassfish/main/common/annotation-framework/5.0/annotation-framework-5.0.jar:/home/clarissapolidori/.m2/repository/org/glassfish/main/resourcebase/resources/nucleus-resources/5.0/nucleus-resources-5.0.jar:/home/clarissapolidori/.m2/repository/org/glassfish/main/security/appclient.security/5.0/appclient.security-5.0.jar:/home/clarissapolidori/.m2/repository/org/glassfish/main/security/security-ee/5.0/security-ee-5.0.jar:/home/clarissapolidori/.m2/repository/org/glassfish/main/common/glassfish-ee-api/5.0/glassfish-ee-api-5.0.jar:/home/clarissapolidori/.m2/repository/javax/security/jacc/javax.security.jacc-api/1.5/javax.security.jacc-api-1.5.jar:/home/clarissapolidori/.m2/repository/org/glassfish/main/security/jaspic.provider.framework/5.0/jaspic.provider.framework-5.0.jar:/home/clarissapolidori/.m2/repository/org/glassfish/external/libpam4j/1.9/libpam4j-1.9.jar:/home/clarissapolidori/.m2/repository/net/java/dev/jna/jna/4.4.0/jna-4.4.0.jar:/home/clarissapolidori/.m2/repository/org/glassfish/main/security/ejb.security/5.0/ejb.security-5.0.jar:/home/clarissapolidori/.m2/repository/org/glassfish/main/common/glassfish-api/5.0/glassfish-api-5.0.jar:/home/clarissapolidori/.m2/repository/org/glassfish/main/common/scattered-archive-api/5.0/scattered-archive-api-5.0.jar:/home/clarissapolidori/.m2/repository/org/glassfish/hk2/hk2/2.5.0-b44/hk2-2.5.0-b44.jar:/home/clarissapolidori/.m2/repository/org/glassfish/hk2/config-types/2.5.0-b44/config-types-2.5.0-b44.jar:/home/clarissapolidori/.m2/repository/org/glassfish/hk2/hk2-config/2.5.0-b44/hk2-config-2.5.0-b44.jar:/home/clarissapolidori/.m2/repository/org/jvnet/tiger-types/1.4/tiger-types-1.4.jar:/home/clarissapolidori/.m2/repository/org/hibernate/hibernate-validator/5.2.4.Final/hibernate-validator-5.2.4.Final.jar:/home/clarissapolidori/.m2/repository/org/glassfish/hk2/hk2-runlevel/2.5.0-b44/hk2-runlevel-2.5.0-b44.jar:/home/clarissapolidori/.m2/repository/org/glassfish/hk2/class-model/2.5.0-b44/class-model-2.5.0-b44.jar:/home/clarissapolidori/.m2/repository/org/glassfish/hk2/external/asm-all-repackaged/2.5.0-b44/asm-all-repackaged-2.5.0-b44.jar:/home/clarissapolidori/.m2/repository/org/glassfish/main/grizzly/nucleus-grizzly-all/5.0/nucleus-grizzly-all-5.0.jar:/home/clarissapolidori/.m2/repository/org/glassfish/grizzly/grizzly-portunif/2.4.1/grizzly-portunif-2.4.1.jar:/home/clarissapolidori/.m2/repository/org/glassfish/grizzly/grizzly-http/2.4.1/grizzly-http-2.4.1.jar:/home/clarissapolidori/.m2/repository/org/glassfish/grizzly/grizzly-http2/2.4.1/grizzly-http2-2.4.1.jar:/home/clarissapolidori/.m2/repository/org/glassfish/grizzly/grizzly-http-server/2.4.1/grizzly-http-server-2.4.1.jar:/home/clarissapolidori/.m2/repository/org/glassfish/main/grizzly/grizzly-config/5.0/grizzly-config-5.0.jar:/home/clarissapolidori/.m2/repository/org/glassfish/external/management-api/3.2.1-b002/management-api-3.2.1-b002.jar:/home/clarissapolidori/.m2/repository/org/glassfish/main/security/webservices.security/5.0/webservices.security-5.0.jar:/home/clarissapolidori/.m2/repository/org/glassfish/main/core/kernel/5.0/kernel-5.0.jar:/home/clarissapolidori/.m2/repository/org/glassfish/main/flashlight/flashlight-framework/5.0/flashlight-framework-5.0.jar:/home/clarissapolidori/.m2/repository/org/glassfish/main/core/logging/5.0/logging-5.0.jar:/home/clarissapolidori/.m2/repository/org/glassfish/main/core/api-exporter/5.0/api-exporter-5.0.jar:/home/clarissapolidori/.m2/repository/org/glassfish/main/web/web-glue/5.0/web-glue-5.0.jar:/home/clarissapolidori/.m2/repository/org/glassfish/main/web/web-cli/5.0/web-cli-5.0.jar:/home/clarissapolidori/.m2/repository/org/glassfish/main/common/amx-javaee/5.0/amx-javaee-5.0.jar:/home/clarissapolidori/.m2/repository/javax/management/j2ee/javax.management.j2ee-api/1.1.1/javax.management.j2ee-api-1.1.1.jar:/home/clarissapolidori/.m2/repository/org/glassfish/main/common/amx-core/5.0/amx-core-5.0.jar:/home/clarissapolidori/.m2/repository/org/glassfish/main/web/war-util/5.0/war-util-5.0.jar:/home/clarissapolidori/.m2/repository/javax/servlet/jsp/javax.servlet.jsp-api/2.3.2-b01/javax.servlet.jsp-api-2.3.2-b01.jar:/home/clarissapolidori/.m2/repository/org/glassfish/main/web/web-naming/5.0/web-naming-5.0.jar:/home/clarissapolidori/.m2/repository/org/glassfish/main/web/web-core/5.0/web-core-5.0.jar:/home/clarissapolidori/.m2/repository/org/glassfish/web/javax.servlet.jsp/2.3.3-b02/javax.servlet.jsp-2.3.3-b02.jar:/home/clarissapolidori/.m2/repository/org/glassfish/javax.el/3.0.1-b08/javax.el-3.0.1-b08.jar:/home/clarissapolidori/.m2/repository/org/glassfish/main/admin/admin-core/5.0/admin-core-5.0.jar:/home/clarissapolidori/.m2/repository/org/glassfish/main/web/web-gui-plugin-common/5.0/web-gui-plugin-common-5.0.jar:/home/clarissapolidori/.m2/repository/org/glassfish/main/web/web-embed-api/5.0/web-embed-api-5.0.jar:/home/clarissapolidori/.m2/repository/org/glassfish/main/web/gf-web-connector/5.0/gf-web-connector-5.0.jar:/home/clarissapolidori/.m2/repository/org/glassfish/main/web/web-sse/5.0/web-sse-5.0.jar:/home/clarissapolidori/.m2/repository/org/glassfish/metro/webservices-osgi/2.4.0/webservices-osgi-2.4.0.jar:/home/clarissapolidori/.m2/repository/javax/xml/rpc/javax.xml.rpc-api/1.1/javax.xml.rpc-api-1.1.jar:/home/clarissapolidori/.m2/repository/org/glassfish/metro/webservices-extra-jdk-packages/2.4.0/webservices-extra-jdk-packages-2.4.0.jar:/home/clarissapolidori/.m2/repository/org/codehaus/woodstox/woodstox-core-asl/4.4.1/woodstox-core-asl-4.4.1.jar:/home/clarissapolidori/.m2/repository/org/codehaus/woodstox/stax2-api/3.1.4/stax2-api-3.1.4.jar:/home/clarissapolidori/.m2/repository/org/jvnet/mimepull/mimepull/1.9.7/mimepull-1.9.7.jar:/home/clarissapolidori/.m2/repository/org/apache/santuario/xmlsec/1.5.8/xmlsec-1.5.8.jar:/home/clarissapolidori/.m2/repository/commons-logging/commons-logging/1.1.2/commons-logging-1.1.2.jar:/home/clarissapolidori/.m2/repository/org/glassfish/main/security/websecurity/5.0/websecurity-5.0.jar:/home/clarissapolidori/.m2/repository/org/glassfish/main/webservices/jsr109-impl/5.0/jsr109-impl-5.0.jar:/home/clarissapolidori/.m2/repository/org/glassfish/grizzly/grizzly-http-servlet/2.4.1/grizzly-http-servlet-2.4.1.jar:/home/clarissapolidori/.m2/repository/org/glassfish/main/common/glassfish-naming/5.0/glassfish-naming-5.0.jar:/home/clarissapolidori/.m2/repository/org/glassfish/main/connectors/work-management/5.0/work-management-5.0.jar:/home/clarissapolidori/.m2/repository/org/glassfish/main/transaction/transaction-internal-api/5.0/transaction-internal-api-5.0.jar:/home/clarissapolidori/.m2/repository/org/glassfish/gmbal/gmbal/4.0.0-b001/gmbal-4.0.0-b001.jar:/home/clarissapolidori/.m2/repository/org/glassfish/pfl/pfl-basic-tools/4.0.0-b003/pfl-basic-tools-4.0.0-b003.jar:/home/clarissapolidori/.m2/repository/org/glassfish/pfl/pfl-tf-tools/4.0.0-b003/pfl-tf-tools-4.0.0-b003.jar:/home/clarissapolidori/.m2/repository/javax/security/auth/message/javax.security.auth.message-api/1.1/javax.security.auth.message-api-1.1.jar:/home/clarissapolidori/.m2/repository/org/glassfish/main/connectors/connectors-inbound-runtime/5.0/connectors-inbound-runtime-5.0.jar:/home/clarissapolidori/.m2/repository/org/glassfish/main/connectors/connectors-runtime/5.0/connectors-runtime-5.0.jar:/home/clarissapolidori/.m2/repository/org/glassfish/main/connectors/gf-connectors-connector/5.0/gf-connectors-connector-5.0.jar:/home/clarissapolidori/.m2/repository/org/glassfish/main/ejb/ejb-internal-api/5.0/ejb-internal-api-5.0.jar:/home/clarissapolidori/.m2/repository/org/glassfish/main/orb/orb-connector/5.0/orb-connector-5.0.jar:/home/clarissapolidori/.m2/repository/org/glassfish/main/orb/orb-enabler/5.0/orb-enabler-5.0.jar:/home/clarissapolidori/.m2/repository/org/glassfish/pfl/pfl-basic/4.0.1-b001/pfl-basic-4.0.1-b001.jar:/home/clarissapolidori/.m2/repository/org/glassfish/corba/glassfish-corba-omgapi/4.1.1-b001/glassfish-corba-omgapi-4.1.1-b001.jar:/home/clarissapolidori/.m2/repository/org/glassfish/corba/glassfish-corba-internal-api/4.1.1-b001/glassfish-corba-internal-api-4.1.1-b001.jar:/home/clarissapolidori/.m2/repository/javax/el/javax.el-api/3.0.1-b04/javax.el-api-3.0.1-b04.jar:/home/clarissapolidori/.m2/repository/org/glassfish/main/admin/monitoring-core/5.0/monitoring-core-5.0.jar:/home/clarissapolidori/.m2/repository/org/glassfish/main/webservices/webservices-connector/5.0/webservices-connector-5.0.jar:/home/clarissapolidori/.m2/repository/org/glassfish/corba/glassfish-corba-orb/4.1.1-b001/glassfish-corba-orb-4.1.1-b001.jar:/home/clarissapolidori/.m2/repository/org/glassfish/corba/glassfish-corba-csiv2-idl/4.1.1-b001/glassfish-corba-csiv2-idl-4.1.1-b001.jar:/home/clarissapolidori/.m2/repository/org/glassfish/corba/exception-annotation-processor/4.1.1-b001/exception-annotation-processor-4.1.1-b001.jar:/home/clarissapolidori/.m2/repository/org/apache/felix/org.osgi.core/1.2.0/org.osgi.core-1.2.0.jar:/home/clarissapolidori/.m2/repository/org/glassfish/gmbal/gmbal-api-only/3.1.0-b001/gmbal-api-only-3.1.0-b001.jar:/home/clarissapolidori/.m2/repository/org/glassfish/pfl/pfl-dynamic/4.0.0-b008/pfl-dynamic-4.0.0-b008.jar:/home/clarissapolidori/.m2/repository/org/glassfish/pfl/pfl-asm/4.0.0-b008/pfl-asm-4.0.0-b008.jar:/home/clarissapolidori/.m2/repository/org/glassfish/pfl/pfl-tf/4.0.0-b008/pfl-tf-4.0.0-b008.jar:/home/clarissapolidori/.m2/repository/org/glassfish/grizzly/grizzly-framework/2.2.10/grizzly-framework-2.2.10.jar:/home/clarissapolidori/.m2/repository/org/glassfish/main/orb/orb-iiop/5.0/orb-iiop-5.0.jar:/home/clarissapolidori/.m2/repository/org/glassfish/main/cluster/gms-bootstrap/5.0/gms-bootstrap-5.0.jar:/home/clarissapolidori/.m2/repository/org/shoal/shoal-gms-api/1.6.51/shoal-gms-api-1.6.51.jar:/home/clarissapolidori/.m2/repository/org/glassfish/main/core/glassfish/5.0/glassfish-5.0.jar:/home/clarissapolidori/.m2/repository/org/glassfish/main/common/simple-glassfish-api/5.0/simple-glassfish-api-5.0.jar:/home/clarissapolidori/.m2/repository/org/glassfish/main/appclient/acc-config/5.0/acc-config-5.0.jar:/home/clarissapolidori/.m2/repository/org/glassfish/main/transaction/jts/5.0/jts-5.0.jar:/home/clarissapolidori/.m2/repository/org/glassfish/main/transaction/jta/5.0/jta-5.0.jar:/home/clarissapolidori/.m2/repository/org/glassfish/main/jms/jms-core/5.0/jms-core-5.0.jar:/home/clarissapolidori/.m2/repository/org/glassfish/main/jms/gf-jms-connector/5.0/gf-jms-connector-5.0.jar:/home/clarissapolidori/.m2/repository/org/glassfish/main/common/glassfish-mbeanserver/5.0/glassfish-mbeanserver-5.0.jar:/home/clarissapolidori/.m2/repository/org/glassfish/main/external/jmxremote_optional-repackaged/5.0/jmxremote_optional-repackaged-5.0.jar:/home/clarissapolidori/.m2/repository/org/glassfish/main/ejb/gf-ejb-connector/5.0/gf-ejb-connector-5.0.jar:/home/clarissapolidori/.m2/repository/javax/jms/javax.jms-api/2.0.1/javax.jms-api-2.0.1.jar:/home/clarissapolidori/.m2/repository/org/eclipse/persistence/org.eclipse.persistence.core/2.7.0/org.eclipse.persistence.core-2.7.0.jar:/home/clarissapolidori/.m2/repository/org/eclipse/persistence/org.eclipse.persistence.jpa/2.7.0/org.eclipse.persistence.jpa-2.7.0.jar:/home/clarissapolidori/.m2/repository/org/eclipse/persistence/org.eclipse.persistence.jpa.jpql/2.7.0/org.eclipse.persistence.jpa.jpql-2.7.0.jar:/home/clarissapolidori/.m2/repository/org/eclipse/persistence/org.eclipse.persistence.jpa.modelgen.processor/2.7.0/org.eclipse.persistence.jpa.modelgen.processor-2.7.0.jar:/home/clarissapolidori/.m2/repository/org/eclipse/persistence/org.eclipse.persistence.moxy/2.7.0/org.eclipse.persistence.moxy-2.7.0.jar:/home/clarissapolidori/.m2/repository/javax/validation/validation-api/1.1.0.Final/validation-api-1.1.0.Final.jar:/home/clarissapolidori/.m2/repository/org/eclipse/persistence/org.eclipse.persistence.dbws/2.7.0/org.eclipse.persistence.dbws-2.7.0.jar:/home/clarissapolidori/.m2/repository/org/eclipse/persistence/org.eclipse.persistence.oracle/2.7.0/org.eclipse.persistence.oracle-2.7.0.jar:/home/clarissapolidori/.m2/repository/org/eclipse/persistence/org.eclipse.persistence.antlr/2.7.0/org.eclipse.persistence.antlr-2.7.0.jar:/home/clarissapolidori/.m2/repository/org/eclipse/persistence/org.eclipse.persistence.asm/2.7.0/org.eclipse.persistence.asm-2.7.0.jar:/home/clarissapolidori/.m2/repository/org/glassfish/main/persistence/jpa-container/5.0/jpa-container-5.0.jar:/home/clarissapolidori/.m2/repository/org/glassfish/main/persistence/persistence-common/5.0/persistence-common-5.0.jar:/home/clarissapolidori/.m2/repository/org/glassfish/main/deployment/deployment-javaee-core/5.0/deployment-javaee-core-5.0.jar:/home/clarissapolidori/.m2/repository/org/glassfish/main/persistence/cmp/cmp-internal-api/5.0/cmp-internal-api-5.0.jar:/home/clarissapolidori/.m2/repository/javax/annotation/javax.annotation-api/1.3/javax.annotation-api-1.3.jar:/home/clarissapolidori/.m2/repository/javax/xml/bind/jaxb-api/2.3.0/jaxb-api-2.3.0.jar:/home/clarissapolidori/.m2/repository/com/sun/xml/bind/jaxb-osgi/2.3.0/jaxb-osgi-2.3.0.jar:/home/clarissapolidori/.m2/repository/com/sun/xml/bind/jaxb-extra-osgi/2.3.0/jaxb-extra-osgi-2.3.0.jar:/home/clarissapolidori/.m2/repository/org/glassfish/metro/webservices-api-osgi/2.4.0/webservices-api-osgi-2.4.0.jar:/home/clarissapolidori/.m2/repository/javax/xml/soap/javax.xml.soap-api/1.4.0/javax.xml.soap-api-1.4.0.jar:/home/clarissapolidori/.m2/repository/javax/xml/registry/javax.xml.registry-api/1.0.7/javax.xml.registry-api-1.0.7.jar:/home/clarissapolidori/.m2/repository/org/glassfish/main/appclient/server/appclient-connector/5.0/appclient-connector-5.0.jar:/home/clarissapolidori/.m2/repository/org/glassfish/main/resources/javamail-connector/5.0/javamail-connector-5.0.jar:/home/clarissapolidori/.m2/repository/org/glassfish/main/resources/resources-connector/5.0/resources-connector-5.0.jar:/home/clarissapolidori/.m2/repository/javax/mail/javax.mail-api/1.6.0/javax.mail-api-1.6.0.jar:/home/clarissapolidori/.m2/repository/org/glassfish/main/resources/javamail-runtime/5.0/javamail-runtime-5.0.jar:/home/clarissapolidori/.m2/repository/javax/interceptor/javax.interceptor-api/1.2.1/javax.interceptor-api-1.2.1.jar:/home/clarissapolidori/.m2/repository/org/glassfish/javax.json/1.1/javax.json-1.1.jar:/home/clarissapolidori/.m2/repository/org/eclipse/yasson/1.0/yasson-1.0.jar:/home/clarissapolidori/.m2/repository/javax/json/bind/javax.json.bind-api/1.0/javax.json.bind-api-1.0.jar:/home/clarissapolidori/.m2/repository/javax/json/javax.json-api/1.1/javax.json-api-1.1.jar:/home/clarissapolidori/.m2/repository/org/jboss/weld/se/weld-se-shaded/3.0.0.Final/weld-se-shaded-3.0.0.Final.jar:/home/clarissapolidori/.m2/repository/javax/enterprise/cdi-api/2.0/cdi-api-2.0.jar:/home/clarissapolidori/.m2/repository/javax/inject/javax.inject/1/javax.inject-1.jar:/home/clarissapolidori/.m2/repository/it/unipi/dsmt/ejb-interfaces/1.0-SNAPSHOT/ejb-interfaces-1.0-SNAPSHOT.jar:/home/clarissapolidori/.m2/repository/it/unipi/dsmt/ejb-impl/1.0-SNAPSHOT/ejb-impl-1.0-SNAPSHOT.jar:/home/clarissapolidori/.m2/repository/org/hibernate/hibernate-core/5.4.0.Final/hibernate-core-5.4.0.Final.jar:/home/clarissapolidori/.m2/repository/org/jboss/logging/jboss-logging/3.3.2.Final/jboss-logging-3.3.2.Final.jar:/home/clarissapolidori/.m2/repository/javax/persistence/javax.persistence-api/2.2/javax.persistence-api-2.2.jar:/home/clarissapolidori/.m2/repository/org/javassist/javassist/3.24.0-GA/javassist-3.24.0-GA.jar:/home/clarissapolidori/.m2/repository/net/bytebuddy/byte-buddy/1.9.5/byte-buddy-1.9.5.jar:/home/clarissapolidori/.m2/repository/antlr/antlr/2.7.7/antlr-2.7.7.jar:/home/clarissapolidori/.m2/repository/org/jboss/spec/javax/transaction/jboss-transaction-api_1.2_spec/1.1.1.Final/jboss-transaction-api_1.2_spec-1.1.1.Final.jar:/home/clarissapolidori/.m2/repository/org/jboss/jandex/2.0.5.Final/jandex-2.0.5.Final.jar:/home/clarissapolidori/.m2/repository/com/fasterxml/classmate/1.3.4/classmate-1.3.4.jar:/home/clarissapolidori/.m2/repository/javax/activation/javax.activation-api/1.2.0/javax.activation-api-1.2.0.jar:/home/clarissapolidori/.m2/repository/org/dom4j/dom4j/2.1.1/dom4j-2.1.1.jar:/home/clarissapolidori/.m2/repository/org/hibernate/common/hibernate-commons-annotations/5.1.0.Final/hibernate-commons-annotations-5.1.0.Final.jar:/home/clarissapolidori/.m2/repository/org/glassfish/jaxb/jaxb-runtime/2.3.1/jaxb-runtime-2.3.1.jar:/home/clarissapolidori/.m2/repository/org/glassfish/jaxb/txw2/2.3.1/txw2-2.3.1.jar:/home/clarissapolidori/.m2/repository/com/sun/istack/istack-commons-runtime/3.0.7/istack-commons-runtime-3.0.7.jar:/home/clarissapolidori/.m2/repository/org/jvnet/staxex/stax-ex/1.8/stax-ex-1.8.jar:/home/clarissapolidori/.m2/repository/com/sun/xml/fastinfoset/FastInfoset/1.2.15/FastInfoset-1.2.15.jar:"/>
    <property name="sun.cpu.endian" value="little"/>
    <property name="user.home" value="/home/clarissapolidori"/>
    <property name="user.language" value="en"/>
    <property name="java.specification.vendor" value="Oracle Corporation"/>
    <property name="java.version.date" value="2022-01-18"/>
    <property name="java.home" value="/home/clarissapolidori/.jdks/azul-15.0.6"/>
    <property name="file.separator" value="/"/>
    <property name="basedir" value="/home/clarissapolidori/Documents/GitHub/DSMT_Project/ejb-client"/>
    <property name="java.vm.compressedOopsMode" value="Zero based"/>
    <property name="line.separator" value="&#10;"/>
    <property name="java.vm.specification.vendor" value="Oracle Corporation"/>
    <property name="java.specification.name" value="Java Platform API Specification"/>
    <property name="surefire.real.class.path" value="/home/clarissapolidori/Documents/GitHub/DSMT_Project/ejb-client/target/surefire/surefirebooter17392472697925780785.jar"/>
    <property name="sun.management.compiler" value="HotSpot 64-Bit Tiered Compilers"/>
    <property name="java.runtime.version" value="15.0.6+5-MTS"/>
    <property name="user.name" value="clarissapolidori"/>
    <property name="path.separator" value=":"/>
    <property name="os.version" value="5.13.0-27-generic"/>
    <property name="java.runtime.name" value="OpenJDK Runtime Environment"/>
    <property name="file.encoding" value="UTF-8"/>
    <property name="java.vm.name" value="OpenJDK 64-Bit Server VM"/>
    <property name="java.vendor.version" value="Zulu15.38+17-CA"/>
    <property name="localRepository" value="/home/clarissapolidori/.m2/repository"/>
    <property name="java.vendor.url.bug" value="http://www.azul.com/support/"/>
    <property name="java.io.tmpdir" value="/tmp"/>
    <property name="idea.version" value="2021.3"/>
    <property name="java.version" value="15.0.6"/>
    <property name="user.dir" value="/home/clarissapolidori/Documents/GitHub/DSMT_Project/ejb-client"/>
    <property name="os.arch" value="amd64"/>
    <property name="java.vm.specification.name" value="Java Virtual Machine Specification"/>
    <property name="java.library.path" value="/usr/java/packages/lib:/usr/lib64:/lib64:/lib:/usr/lib"/>
    <property name="java.vm.info" value="mixed mode, sharing"/>
    <property name="java.vendor" value="Azul Systems, Inc."/>
    <property name="java.vm.version" value="15.0.6+5-MTS"/>
    <property name="sun.io.unicode.encoding" value="UnicodeLittle"/>
    <property name="java.class.version" value="59.0"/>
  </properties>
  <testcase name="shouldAnswerWithTrue" classname="it.unipi.dsmt.AppTest" time="0.003"/>
</testsuite>